<?xml version="1.0" encoding="UTF-8"?>
<!-- Generated by org.testng.reporters.JUnitReportReporter -->
<testsuite hostname="ITEM-S128906" failures="0" tests="1" name="testcases.AddBoltTShirtTest" time="37.506" errors="0" timestamp="2025-09-06T12:15:43 MESZ" skipped="0">
  <testcase classname="testcases.AddBoltTShirtTest" name="SaucDemoTC1" time="37.506"/>
</testsuite> <!-- testcases.AddBoltTShirtTest -->
