<?xml version="1.0" encoding="UTF-8"?>
<!-- Generated by org.testng.reporters.JUnitReportReporter -->
<testsuite hostname="ITEM-S128906" failures="0" tests="1" name="testcases.PurchaseBackPackTest" time="37.427" errors="0" timestamp="2025-09-06T12:15:43 MESZ" skipped="0">
  <testcase classname="testcases.PurchaseBackPackTest" name="SaucDemoTC1" time="37.427"/>
</testsuite> <!-- testcases.PurchaseBackPackTest -->
